<?xml version="1.0" encoding="UTF-8"?>
<testng-results ignored="0" total="2" passed="2" failed="0" skipped="0">
  <reporter-output>
  </reporter-output>
  <suite started-at="2021-07-31T13:51:20 CDT" name="Default suite" finished-at="2021-07-31T13:51:33 CDT" duration-ms="12858">
    <groups>
      <group name="cucumber">
        <method signature="AbstractTestNGCucumberTests.feature(cucumber.api.testng.CucumberFeatureWrapper)[pri:0, instance:com.Mahmuda.TestRunner.TestRunnerMD@3a6bb9bf]" name="feature" class="cucumber.api.testng.AbstractTestNGCucumberTests"/>
      </group> <!-- cucumber -->
    </groups>
    <test started-at="2021-07-31T13:51:20 CDT" name="Default test" finished-at="2021-07-31T13:51:33 CDT" duration-ms="12858">
      <class name="com.Mahmuda.TestRunner.TestRunnerMD">
        <test-method is-config="true" signature="LaunchApplicationURL()[pri:0, instance:com.Mahmuda.TestRunner.TestRunnerMD@3a6bb9bf]" started-at="2021-07-31T13:51:20 CDT" name="LaunchApplicationURL" finished-at="2021-07-31T13:51:22 CDT" duration-ms="1699" status="PASS">
          <reporter-output>
          </reporter-output>
        </test-method> <!-- LaunchApplicationURL -->
        <test-method is-config="true" signature="setUpClass()[pri:0, instance:com.Mahmuda.TestRunner.TestRunnerMD@3a6bb9bf]" started-at="2021-07-31T13:51:22 CDT" name="setUpClass" finished-at="2021-07-31T13:51:22 CDT" duration-ms="156" status="PASS">
          <reporter-output>
          </reporter-output>
        </test-method> <!-- setUpClass -->
        <test-method signature="feature(cucumber.api.testng.CucumberFeatureWrapper)[pri:0, instance:com.Mahmuda.TestRunner.TestRunnerMD@3a6bb9bf]" started-at="2021-07-31T13:51:22 CDT" name="feature" description="Runs Cucumber Feature" data-provider="features" finished-at="2021-07-31T13:51:29 CDT" duration-ms="7061" status="PASS">
          <params>
            <param index="0">
              <value>
                <![CDATA[Deals Page Functionality]]>
              </value>
            </param>
          </params>
          <reporter-output>
          </reporter-output>
        </test-method> <!-- feature -->
        <test-method signature="feature(cucumber.api.testng.CucumberFeatureWrapper)[pri:0, instance:com.Mahmuda.TestRunner.TestRunnerMD@3a6bb9bf]" started-at="2021-07-31T13:51:29 CDT" name="feature" description="Runs Cucumber Feature" data-provider="features" finished-at="2021-07-31T13:51:32 CDT" duration-ms="3141" status="PASS">
          <params>
            <param index="0">
              <value>
                <![CDATA[Home Page]]>
              </value>
            </param>
          </params>
          <reporter-output>
          </reporter-output>
        </test-method> <!-- feature -->
        <test-method is-config="true" signature="tearDownClass()[pri:0, instance:com.Mahmuda.TestRunner.TestRunnerMD@3a6bb9bf]" started-at="2021-07-31T13:51:32 CDT" name="tearDownClass" finished-at="2021-07-31T13:51:32 CDT" duration-ms="9" status="PASS">
          <reporter-output>
          </reporter-output>
        </test-method> <!-- tearDownClass -->
        <test-method is-config="true" signature="CloseApplicationURL()[pri:0, instance:com.Mahmuda.TestRunner.TestRunnerMD@3a6bb9bf]" started-at="2021-07-31T13:51:32 CDT" name="CloseApplicationURL" finished-at="2021-07-31T13:51:33 CDT" duration-ms="708" status="PASS">
          <reporter-output>
          </reporter-output>
        </test-method> <!-- CloseApplicationURL -->
      </class> <!-- com.Mahmuda.TestRunner.TestRunnerMD -->
    </test> <!-- Default test -->
  </suite> <!-- Default suite -->
</testng-results>
